#
# There is insufficient memory for the Java Runtime Environment to continue.
# Native memory allocation (mmap) failed to map 14680064 bytes. Error detail: G1 virtual space
# Possible reasons:
#   The system is out of physical RAM or swap space
#   This process is running with CompressedOops enabled, and the Java Heap may be blocking the growth of the native heap
# Possible solutions:
#   Reduce memory load on the system
#   Increase physical memory or swap space
#   Check if swap backing store is full
#   Decrease Java heap size (-Xmx/-Xms)
#   Decrease number of Java threads
#   Decrease Java thread stack sizes (-Xss)
#   Set larger code cache with -XX:ReservedCodeCacheSize=
#   JVM is running with Unscaled Compressed Oops mode in which the Java heap is
#     placed in the first 4GB address space. The Java Heap base address is the
#     maximum limit for the native heap growth. Please use -XX:HeapBaseMinAddress
#     to set the Java Heap base and to place the Java Heap above 4GB virtual address.
# This output file may be truncated or incomplete.
#
#  Out of Memory Error (os_windows.cpp:3825), pid=5360, tid=21092
#
# JRE version: OpenJDK Runtime Environment (17.0.11) (build 17.0.11+0--11852314)
# Java VM: OpenJDK 64-Bit Server VM (17.0.11+0--11852314, mixed mode, tiered, compressed oops, compressed class ptrs, g1 gc, windows-amd64)
# No core dump will be written. Minidumps are not enabled by default on client versions of Windows
#

---------------  S U M M A R Y ------------

Command Line: --add-opens=java.base/java.util=ALL-UNNAMED --add-opens=java.base/java.lang=ALL-UNNAMED --add-opens=java.base/java.lang.invoke=ALL-UNNAMED --add-opens=java.prefs/java.util.prefs=ALL-UNNAMED --add-exports=jdk.compiler/com.sun.tools.javac.api=ALL-UNNAMED --add-exports=jdk.compiler/com.sun.tools.javac.util=ALL-UNNAMED --add-opens=java.base/java.nio.charset=ALL-UNNAMED --add-opens=java.base/java.net=ALL-UNNAMED --add-opens=java.base/java.util.concurrent.atomic=ALL-UNNAMED -Xmx2048m -Dfile.encoding=UTF-8 -Duser.country=MX -Duser.language=es -Duser.variant -javaagent:C:\Users\Human\.gradle\wrapper\dists\gradle-8.10.2-bin\a04bxjujx95o3nb99gddekhwo\gradle-8.10.2\lib\agents\gradle-instrumentation-agent-8.10.2.jar org.gradle.launcher.daemon.bootstrap.GradleDaemon 8.10.2

Host: Intel(R) Core(TM) i5-1035G1 CPU @ 1.00GHz, 4 cores, 7G,  Windows 11 , 64 bit Build 22621 (10.0.22621.4391)
Time: Sun Nov  3 19:17:05 2024 Hora estándar central (México) elapsed time: 28.876218 seconds (0d 0h 0m 28s)

---------------  T H R E A D  ---------------

Current thread (0x00000244ac7f35a0):  VMThread "VM Thread" [stack: 0x000000a6fb600000,0x000000a6fb700000] [id=21092]

Stack: [0x000000a6fb600000,0x000000a6fb700000]
Native frames: (J=compiled Java code, j=interpreted, Vv=VM code, C=native code)
V  [jvm.dll+0x687bb9]
V  [jvm.dll+0x84142a]
V  [jvm.dll+0x8430ae]
V  [jvm.dll+0x843713]
V  [jvm.dll+0x24a35f]
V  [jvm.dll+0x684989]
V  [jvm.dll+0x67923a]
V  [jvm.dll+0x30af0b]
V  [jvm.dll+0x3123b6]
V  [jvm.dll+0x361dfe]
V  [jvm.dll+0x36202f]
V  [jvm.dll+0x2e0d38]
V  [jvm.dll+0x2df144]
V  [jvm.dll+0x2de74c]
V  [jvm.dll+0x32305b]
V  [jvm.dll+0x847e0b]
V  [jvm.dll+0x848b42]
V  [jvm.dll+0x84905d]
V  [jvm.dll+0x849434]
V  [jvm.dll+0x849500]
V  [jvm.dll+0x7efa4a]
V  [jvm.dll+0x686a35]
C  [ucrtbase.dll+0x29333]
C  [KERNEL32.DLL+0x1259d]
C  [ntdll.dll+0x5af38]

VM_Operation (0x000000a6fccf69e0): G1CollectForAllocation, mode: safepoint, requested by thread 0x00000244b2393ea0


---------------  P R O C E S S  ---------------

Threads class SMR info:
_java_thread_list=0x00000244b34f0af0, length=33, elements={
0x00000244930bc9b0, 0x00000244ac6a7470, 0x00000244ac6a87d0, 0x00000244ac6bcd80,
0x00000244ac6bd650, 0x00000244ac6be010, 0x00000244ac6be9d0, 0x00000244ac82a800,
0x00000244ac82b2b0, 0x00000244ac82bcb0, 0x00000244ac627c40, 0x00000244acad5f40,
0x00000244b1dadc30, 0x00000244b1bed050, 0x00000244b25a8990, 0x00000244b2e3c060,
0x00000244b2a77460, 0x00000244b2395d00, 0x00000244b2393ea0, 0x00000244b23948c0,
0x00000244b23957f0, 0x00000244b23952e0, 0x00000244b23943b0, 0x00000244b2396210,
0x00000244b2394dd0, 0x00000244b2396720, 0x00000244b2397650, 0x00000244b2396c30,
0x00000244b2397140, 0x00000244b2010150, 0x00000244b20133f0, 0x00000244b2013e10,
0x00000244b2011080
}

Java Threads: ( => current thread )
  0x00000244930bc9b0 JavaThread "main" [_thread_blocked, id=19536, stack(0x000000a6fb000000,0x000000a6fb100000)]
  0x00000244ac6a7470 JavaThread "Reference Handler" daemon [_thread_blocked, id=11984, stack(0x000000a6fb700000,0x000000a6fb800000)]
  0x00000244ac6a87d0 JavaThread "Finalizer" daemon [_thread_blocked, id=6884, stack(0x000000a6fb800000,0x000000a6fb900000)]
  0x00000244ac6bcd80 JavaThread "Signal Dispatcher" daemon [_thread_blocked, id=16444, stack(0x000000a6fb900000,0x000000a6fba00000)]
  0x00000244ac6bd650 JavaThread "Attach Listener" daemon [_thread_blocked, id=9916, stack(0x000000a6fba00000,0x000000a6fbb00000)]
  0x00000244ac6be010 JavaThread "Service Thread" daemon [_thread_blocked, id=20744, stack(0x000000a6fbb00000,0x000000a6fbc00000)]
  0x00000244ac6be9d0 JavaThread "Monitor Deflation Thread" daemon [_thread_blocked, id=16996, stack(0x000000a6fbc00000,0x000000a6fbd00000)]
  0x00000244ac82a800 JavaThread "C2 CompilerThread0" daemon [_thread_blocked, id=11800, stack(0x000000a6fbd00000,0x000000a6fbe00000)]
  0x00000244ac82b2b0 JavaThread "C1 CompilerThread0" daemon [_thread_blocked, id=16808, stack(0x000000a6fbe00000,0x000000a6fbf00000)]
  0x00000244ac82bcb0 JavaThread "Sweeper thread" daemon [_thread_blocked, id=16672, stack(0x000000a6fbf00000,0x000000a6fc000000)]
  0x00000244ac627c40 JavaThread "Common-Cleaner" daemon [_thread_blocked, id=22136, stack(0x000000a6fc000000,0x000000a6fc100000)]
  0x00000244acad5f40 JavaThread "Notification Thread" daemon [_thread_blocked, id=4024, stack(0x000000a6fc100000,0x000000a6fc200000)]
  0x00000244b1dadc30 JavaThread "Daemon health stats" [_thread_blocked, id=13472, stack(0x000000a6fc500000,0x000000a6fc600000)]
  0x00000244b1bed050 JavaThread "Incoming local TCP Connector on port 5868" [_thread_in_native, id=19148, stack(0x000000a6fc700000,0x000000a6fc800000)]
  0x00000244b25a8990 JavaThread "Daemon periodic checks" [_thread_blocked, id=14168, stack(0x000000a6fc800000,0x000000a6fc900000)]
  0x00000244b2e3c060 JavaThread "Daemon" [_thread_blocked, id=18956, stack(0x000000a6fc900000,0x000000a6fca00000)]
  0x00000244b2a77460 JavaThread "Handler for socket connection from /127.0.0.1:5868 to /127.0.0.1:5869" [_thread_in_native, id=7520, stack(0x000000a6fca00000,0x000000a6fcb00000)]
  0x00000244b2395d00 JavaThread "Cancel handler" [_thread_blocked, id=4348, stack(0x000000a6fcb00000,0x000000a6fcc00000)]
  0x00000244b2393ea0 JavaThread "Daemon worker" [_thread_blocked, id=6496, stack(0x000000a6fcc00000,0x000000a6fcd00000)]
  0x00000244b23948c0 JavaThread "Asynchronous log dispatcher for DefaultDaemonConnection: socket connection from /127.0.0.1:5868 to /127.0.0.1:5869" [_thread_blocked, id=19640, stack(0x000000a6fcd00000,0x000000a6fce00000)]
  0x00000244b23957f0 JavaThread "Stdin handler" [_thread_blocked, id=14304, stack(0x000000a6fce00000,0x000000a6fcf00000)]
  0x00000244b23952e0 JavaThread "Daemon client event forwarder" [_thread_blocked, id=2252, stack(0x000000a6fcf00000,0x000000a6fd000000)]
  0x00000244b23943b0 JavaThread "Cache worker for journal cache (C:\Users\Human\.gradle\caches\journal-1)" [_thread_blocked, id=22176, stack(0x000000a6fd000000,0x000000a6fd100000)]
  0x00000244b2396210 JavaThread "File lock request listener" [_thread_in_native, id=3640, stack(0x000000a6fd100000,0x000000a6fd200000)]
  0x00000244b2394dd0 JavaThread "Cache worker for file hash cache (C:\Users\Human\.gradle\caches\8.10.2\fileHashes)" [_thread_blocked, id=17620, stack(0x000000a6fd200000,0x000000a6fd300000)]
  0x00000244b2396720 JavaThread "Cache worker for file hash cache (C:\Users\Human\OneDrive\Documentos\ITVO\7SEMESTRE\DAM\Unidad 3\3.2\CursoJetPackCompose\U2\ThemingCodelab\.gradle\8.10.2\fileHashes)" [_thread_blocked, id=7952, stack(0x000000a6fd300000,0x000000a6fd400000)]
  0x00000244b2397650 JavaThread "Cache worker for Build Output Cleanup Cache (C:\Users\Human\OneDrive\Documentos\ITVO\7SEMESTRE\DAM\Unidad 3\3.2\CursoJetPackCompose\U2\ThemingCodelab\.gradle\buildOutputCleanup)" [_thread_blocked, id=13568, stack(0x000000a6fd400000,0x000000a6fd500000)]
  0x00000244b2396c30 JavaThread "File watcher server" daemon [_thread_in_native, id=16584, stack(0x000000a6fd500000,0x000000a6fd600000)]
  0x00000244b2397140 JavaThread "File watcher consumer" daemon [_thread_blocked, id=7344, stack(0x000000a6fd600000,0x000000a6fd700000)]
  0x00000244b2010150 JavaThread "Cache worker for checksums cache (C:\Users\Human\OneDrive\Documentos\ITVO\7SEMESTRE\DAM\Unidad 3\3.2\CursoJetPackCompose\U2\ThemingCodelab\.gradle\8.10.2\checksums)" [_thread_blocked, id=10580, stack(0x000000a6fd700000,0x000000a6fd800000)]
  0x00000244b20133f0 JavaThread "Cache worker for file content cache (C:\Users\Human\.gradle\caches\8.10.2\fileContent)" [_thread_blocked, id=19368, stack(0x000000a6fd800000,0x000000a6fd900000)]
  0x00000244b2013e10 JavaThread "Cache worker for cache directory md-rule (C:\Users\Human\.gradle\caches\8.10.2\md-rule)" [_thread_blocked, id=11376, stack(0x000000a6fd900000,0x000000a6fda00000)]
  0x00000244b2011080 JavaThread "Cache worker for cache directory md-supplier (C:\Users\Human\.gradle\caches\8.10.2\md-supplier)" [_thread_blocked, id=19032, stack(0x000000a6fda00000,0x000000a6fdb00000)]

Other Threads:
=>0x00000244ac7f35a0 VMThread "VM Thread" [stack: 0x000000a6fb600000,0x000000a6fb700000] [id=21092]
  0x00000244930bd830 WatcherThread [stack: 0x000000a6fc200000,0x000000a6fc300000] [id=20156]
  0x0000024493116ff0 GCTaskThread "GC Thread#0" [stack: 0x000000a6fb100000,0x000000a6fb200000] [id=3736]
  0x00000244acb6e660 GCTaskThread "GC Thread#1" [stack: 0x000000a6fc300000,0x000000a6fc400000] [id=14444]
  0x00000244acb80fe0 GCTaskThread "GC Thread#2" [stack: 0x000000a6fc400000,0x000000a6fc500000] [id=9528]
  0x00000244b1c6ac90 GCTaskThread "GC Thread#3" [stack: 0x000000a6fc600000,0x000000a6fc700000] [id=13888]
  0x00000244931286e0 ConcurrentGCThread "G1 Main Marker" [stack: 0x000000a6fb200000,0x000000a6fb300000] [id=19036]
  0x0000024493129100 ConcurrentGCThread "G1 Conc#0" [stack: 0x000000a6fb300000,0x000000a6fb400000] [id=8748]
  0x000002449316d080 ConcurrentGCThread "G1 Refine#0" [stack: 0x000000a6fb400000,0x000000a6fb500000] [id=12188]
  0x000002449316dab0 ConcurrentGCThread "G1 Service" [stack: 0x000000a6fb500000,0x000000a6fb600000] [id=17944]

Threads with active compile tasks:

VM state: at safepoint (normal execution)

VM Mutex/Monitor currently owned by a thread:  ([mutex/lock_event])
[0x00000244930b8da0] Threads_lock - owner thread: 0x00000244ac7f35a0
[0x00000244930b8e30] Heap_lock - owner thread: 0x00000244b2393ea0

Heap address: 0x0000000080000000, size: 2048 MB, Compressed Oops mode: 32-bit

CDS archive(s) not mapped
Compressed class space mapped at: 0x0000000100000000-0x0000000140000000, reserved size: 1073741824
Narrow klass base: 0x0000000000000000, Narrow klass shift: 3, Narrow klass range: 0x140000000

GC Precious Log:
 CPUs: 4 total, 4 available
 Memory: 7958M
 Large Page Support: Disabled
 NUMA Support: Disabled
 Compressed Oops: Enabled (32-bit)
 Heap Region Size: 1M
 Heap Min Capacity: 8M
 Heap Initial Capacity: 126M
 Heap Max Capacity: 2G
 Pre-touch: Disabled
 Parallel Workers: 4
 Concurrent Workers: 1
 Concurrent Refinement Workers: 4
 Periodic GC: Disabled

Heap:
 garbage-first heap   total 71680K, used 33171K [0x0000000080000000, 0x0000000100000000)
  region size 1024K, 3 young (3072K), 3 survivors (3072K)
 Metaspace       used 47605K, committed 48000K, reserved 1114112K
  class space    used 6456K, committed 6656K, reserved 1048576K

Heap Regions: E=young(eden), S=young(survivor), O=old, HS=humongous(starts), HC=humongous(continues), CS=collection set, F=free, OA=open archive, CA=closed archive, TAMS=top-at-mark-start (previous, next)
|   0|0x0000000080000000, 0x0000000080100000, 0x0000000080100000|100%|HS|  |TAMS 0x0000000080100000, 0x0000000080000000| Complete 
|   1|0x0000000080100000, 0x0000000080200000, 0x0000000080200000|100%|HC|  |TAMS 0x0000000080200000, 0x0000000080100000| Complete 
|   2|0x0000000080200000, 0x0000000080300000, 0x0000000080300000|100%|HC|  |TAMS 0x0000000080300000, 0x0000000080200000| Complete 
|   3|0x0000000080300000, 0x0000000080400000, 0x0000000080400000|100%|HC|  |TAMS 0x0000000080400000, 0x0000000080300000| Complete 
|   4|0x0000000080400000, 0x0000000080500000, 0x0000000080500000|100%| O|  |TAMS 0x0000000080500000, 0x0000000080400000| Untracked 
|   5|0x0000000080500000, 0x0000000080600000, 0x0000000080600000|100%| O|  |TAMS 0x0000000080600000, 0x0000000080500000| Untracked 
|   6|0x0000000080600000, 0x0000000080700000, 0x0000000080700000|100%| O|  |TAMS 0x0000000080700000, 0x0000000080600000| Untracked 
|   7|0x0000000080700000, 0x0000000080800000, 0x0000000080800000|100%| O|  |TAMS 0x0000000080800000, 0x0000000080700000| Untracked 
|   8|0x0000000080800000, 0x0000000080900000, 0x0000000080900000|100%|HS|  |TAMS 0x0000000080900000, 0x0000000080800000| Complete 
|   9|0x0000000080900000, 0x0000000080a00000, 0x0000000080a00000|100%| O|  |TAMS 0x0000000080a00000, 0x0000000080900000| Untracked 
|  10|0x0000000080a00000, 0x0000000080b00000, 0x0000000080b00000|100%| O|  |TAMS 0x0000000080b00000, 0x0000000080a00000| Untracked 
|  11|0x0000000080b00000, 0x0000000080c00000, 0x0000000080c00000|100%| O|  |TAMS 0x0000000080c00000, 0x0000000080b00000| Untracked 
|  12|0x0000000080c00000, 0x0000000080d00000, 0x0000000080d00000|100%| O|  |TAMS 0x0000000080d00000, 0x0000000080c00000| Untracked 
|  13|0x0000000080d00000, 0x0000000080e00000, 0x0000000080e00000|100%| O|  |TAMS 0x0000000080e00000, 0x0000000080d00000| Untracked 
|  14|0x0000000080e00000, 0x0000000080f00000, 0x0000000080f00000|100%| O|  |TAMS 0x0000000080f00000, 0x0000000080e00000| Untracked 
|  15|0x0000000080f00000, 0x0000000081000000, 0x0000000081000000|100%| O|  |TAMS 0x0000000081000000, 0x0000000080f00000| Untracked 
|  16|0x0000000081000000, 0x0000000081100000, 0x0000000081100000|100%| O|  |TAMS 0x0000000081100000, 0x0000000081000000| Untracked 
|  17|0x0000000081100000, 0x0000000081200000, 0x0000000081200000|100%| O|  |TAMS 0x0000000081100000, 0x0000000081100000| Untracked 
|  18|0x0000000081200000, 0x0000000081300000, 0x0000000081300000|100%| O|  |TAMS 0x0000000081300000, 0x0000000081200000| Untracked 
|  19|0x0000000081300000, 0x0000000081400000, 0x0000000081400000|100%| O|  |TAMS 0x0000000081400000, 0x0000000081300000| Untracked 
|  20|0x0000000081400000, 0x0000000081500000, 0x0000000081500000|100%| O|  |TAMS 0x0000000081500000, 0x0000000081400000| Untracked 
|  21|0x0000000081500000, 0x0000000081600000, 0x0000000081600000|100%| O|  |TAMS 0x0000000081600000, 0x0000000081500000| Untracked 
|  22|0x0000000081600000, 0x0000000081700000, 0x0000000081700000|100%| O|  |TAMS 0x0000000081629c00, 0x0000000081600000| Untracked 
|  23|0x0000000081700000, 0x0000000081800000, 0x0000000081800000|100%| O|  |TAMS 0x0000000081700000, 0x0000000081700000| Untracked 
|  24|0x0000000081800000, 0x0000000081900000, 0x0000000081900000|100%| O|  |TAMS 0x0000000081800000, 0x0000000081800000| Untracked 
|  25|0x0000000081900000, 0x0000000081a00000, 0x0000000081a00000|100%| O|  |TAMS 0x0000000081900000, 0x0000000081900000| Untracked 
|  26|0x0000000081a00000, 0x0000000081b00000, 0x0000000081b00000|100%| O|  |TAMS 0x0000000081a00000, 0x0000000081a00000| Untracked 
|  27|0x0000000081b00000, 0x0000000081c00000, 0x0000000081c00000|100%| O|  |TAMS 0x0000000081b00000, 0x0000000081b00000| Untracked 
|  28|0x0000000081c00000, 0x0000000081d00000, 0x0000000081d00000|100%| O|  |TAMS 0x0000000081c00000, 0x0000000081c00000| Untracked 
|  29|0x0000000081d00000, 0x0000000081de2a00, 0x0000000081e00000| 88%| O|  |TAMS 0x0000000081d00000, 0x0000000081d00000| Untracked 
|  30|0x0000000081e00000, 0x0000000081e00000, 0x0000000081f00000|  0%| F|  |TAMS 0x0000000081e00000, 0x0000000081e00000| Untracked 
|  31|0x0000000081f00000, 0x0000000081f00000, 0x0000000082000000|  0%| F|  |TAMS 0x0000000081f00000, 0x0000000081f00000| Untracked 
|  32|0x0000000082000000, 0x0000000082000000, 0x0000000082100000|  0%| F|  |TAMS 0x0000000082000000, 0x0000000082000000| Untracked 
|  33|0x0000000082100000, 0x0000000082100000, 0x0000000082200000|  0%| F|  |TAMS 0x0000000082100000, 0x0000000082100000| Untracked 
|  34|0x0000000082200000, 0x0000000082200000, 0x0000000082300000|  0%| F|  |TAMS 0x0000000082200000, 0x0000000082200000| Untracked 
|  35|0x0000000082300000, 0x0000000082300000, 0x0000000082400000|  0%| F|  |TAMS 0x0000000082300000, 0x0000000082300000| Untracked 
|  36|0x0000000082400000, 0x0000000082400000, 0x0000000082500000|  0%| F|  |TAMS 0x0000000082400000, 0x0000000082400000| Untracked 
|  37|0x0000000082500000, 0x0000000082500000, 0x0000000082600000|  0%| F|  |TAMS 0x0000000082500000, 0x0000000082500000| Untracked 
|  38|0x0000000082600000, 0x0000000082600000, 0x0000000082700000|  0%| F|  |TAMS 0x0000000082600000, 0x0000000082600000| Untracked 
|  39|0x0000000082700000, 0x0000000082700000, 0x0000000082800000|  0%| F|  |TAMS 0x0000000082700000, 0x0000000082700000| Untracked 
|  40|0x0000000082800000, 0x0000000082882208, 0x0000000082900000| 50%| S|CS|TAMS 0x0000000082800000, 0x0000000082800000| Complete 
|  41|0x0000000082900000, 0x0000000082a00000, 0x0000000082a00000|100%| S|CS|TAMS 0x0000000082900000, 0x0000000082900000| Complete 
|  42|0x0000000082a00000, 0x0000000082b00000, 0x0000000082b00000|100%| S|CS|TAMS 0x0000000082a00000, 0x0000000082a00000| Complete 
|  43|0x0000000082b00000, 0x0000000082b00000, 0x0000000082c00000|  0%| F|  |TAMS 0x0000000082b00000, 0x0000000082b00000| Untracked 
|  44|0x0000000082c00000, 0x0000000082c00000, 0x0000000082d00000|  0%| F|  |TAMS 0x0000000082c00000, 0x0000000082c00000| Untracked 
|  45|0x0000000082d00000, 0x0000000082d00000, 0x0000000082e00000|  0%| F|  |TAMS 0x0000000082d00000, 0x0000000082d00000| Untracked 
|  46|0x0000000082e00000, 0x0000000082e00000, 0x0000000082f00000|  0%| F|  |TAMS 0x0000000082e00000, 0x0000000082e00000| Untracked 
|  47|0x0000000082f00000, 0x0000000082f00000, 0x0000000083000000|  0%| F|  |TAMS 0x0000000082f00000, 0x0000000082f00000| Untracked 
|  48|0x0000000083000000, 0x0000000083000000, 0x0000000083100000|  0%| F|  |TAMS 0x0000000083000000, 0x0000000083000000| Untracked 
|  49|0x0000000083100000, 0x0000000083100000, 0x0000000083200000|  0%| F|  |TAMS 0x0000000083100000, 0x0000000083100000| Untracked 
|  50|0x0000000083200000, 0x0000000083200000, 0x0000000083300000|  0%| F|  |TAMS 0x0000000083200000, 0x0000000083200000| Untracked 
|  51|0x0000000083300000, 0x0000000083300000, 0x0000000083400000|  0%| F|  |TAMS 0x0000000083300000, 0x0000000083300000| Untracked 
|  52|0x0000000083400000, 0x0000000083400000, 0x0000000083500000|  0%| F|  |TAMS 0x0000000083400000, 0x0000000083400000| Untracked 
|  53|0x0000000083500000, 0x0000000083500000, 0x0000000083600000|  0%| F|  |TAMS 0x0000000083500000, 0x0000000083500000| Untracked 
|  54|0x0000000083600000, 0x0000000083600000, 0x0000000083700000|  0%| F|  |TAMS 0x0000000083600000, 0x0000000083600000| Untracked 
|  55|0x0000000083700000, 0x0000000083700000, 0x0000000083800000|  0%| F|  |TAMS 0x0000000083700000, 0x0000000083700000| Untracked 
|  56|0x0000000083800000, 0x0000000083800000, 0x0000000083900000|  0%| F|  |TAMS 0x0000000083800000, 0x0000000083800000| Untracked 
|  57|0x0000000083900000, 0x0000000083900000, 0x0000000083a00000|  0%| F|  |TAMS 0x0000000083900000, 0x0000000083900000| Untracked 
|  58|0x0000000083a00000, 0x0000000083a00000, 0x0000000083b00000|  0%| F|  |TAMS 0x0000000083a00000, 0x0000000083a00000| Untracked 
|  59|0x0000000083b00000, 0x0000000083b00000, 0x0000000083c00000|  0%| F|  |TAMS 0x0000000083b00000, 0x0000000083b00000| Untracked 
|  60|0x0000000083c00000, 0x0000000083c00000, 0x0000000083d00000|  0%| F|  |TAMS 0x0000000083c00000, 0x0000000083c00000| Untracked 
|  61|0x0000000083d00000, 0x0000000083d00000, 0x0000000083e00000|  0%| F|  |TAMS 0x0000000083d00000, 0x0000000083d00000| Untracked 
|  62|0x0000000083e00000, 0x0000000083e00000, 0x0000000083f00000|  0%| F|  |TAMS 0x0000000083e00000, 0x0000000083e00000| Untracked 
|  63|0x0000000083f00000, 0x0000000083f00000, 0x0000000084000000|  0%| F|  |TAMS 0x0000000083f00000, 0x0000000083f00000| Untracked 
|  64|0x0000000084000000, 0x0000000084000000, 0x0000000084100000|  0%| F|  |TAMS 0x0000000084000000, 0x0000000084000000| Untracked 
|  65|0x0000000084100000, 0x0000000084100000, 0x0000000084200000|  0%| F|  |TAMS 0x0000000084100000, 0x0000000084100000| Untracked 
|  66|0x0000000084200000, 0x0000000084200000, 0x0000000084300000|  0%| F|  |TAMS 0x0000000084200000, 0x0000000084200000| Untracked 
|  96|0x0000000086000000, 0x0000000086000000, 0x0000000086100000|  0%| F|  |TAMS 0x0000000086000000, 0x0000000086000000| Untracked 
|  97|0x0000000086100000, 0x0000000086100000, 0x0000000086200000|  0%| F|  |TAMS 0x0000000086100000, 0x0000000086100000| Untracked 
|  98|0x0000000086200000, 0x0000000086200000, 0x0000000086300000|  0%| F|  |TAMS 0x0000000086200000, 0x0000000086200000| Untracked 

Card table byte_map: [0x00000244a5990000,0x00000244a5d90000] _byte_map_base: 0x00000244a5590000

Marking Bits (Prev, Next): (CMBitMap*) 0x0000024493117610, (CMBitMap*) 0x0000024493117650
 Prev Bits: [0x00000244a6190000, 0x00000244a8190000)
 Next Bits: [0x00000244a8190000, 0x00000244aa190000)

Polling page: 0x0000024492870000

Metaspace:

Usage:
  Non-class:     40.19 MB used.
      Class:      6.30 MB used.
       Both:     46.49 MB used.

Virtual space:
  Non-class space:       64.00 MB reserved,      40.38 MB ( 63%) committed,  1 nodes.
      Class space:        1.00 GB reserved,       6.50 MB ( <1%) committed,  1 nodes.
             Both:        1.06 GB reserved,      46.88 MB (  4%) committed. 

Chunk freelists:
   Non-Class:  7.00 MB
       Class:  9.31 MB
        Both:  16.31 MB

MaxMetaspaceSize: unlimited
CompressedClassSpaceSize: 1.00 GB
Initial GC threshold: 21.00 MB
Current GC threshold: 58.88 MB
CDS: off
MetaspaceReclaimPolicy: balanced
 - commit_granule_bytes: 65536.
 - commit_granule_words: 8192.
 - virtual_space_node_default_size: 8388608.
 - enlarge_chunks_in_place: 1.
 - new_chunks_are_fully_committed: 0.
 - uncommit_free_chunks: 1.
 - use_allocation_guard: 0.
 - handle_deallocations: 1.


Internal statistics:

num_allocs_failed_limit: 6.
num_arena_births: 506.
num_arena_deaths: 0.
num_vsnodes_births: 2.
num_vsnodes_deaths: 0.
num_space_committed: 750.
num_space_uncommitted: 0.
num_chunks_returned_to_freelist: 6.
num_chunks_taken_from_freelist: 1964.
num_chunk_merges: 6.
num_chunk_splits: 1303.
num_chunks_enlarged: 912.
num_inconsistent_stats: 0.

CodeHeap 'non-profiled nmethods': size=120000Kb used=2456Kb max_used=2456Kb free=117544Kb
 bounds [0x000002449e060000, 0x000002449e2d0000, 0x00000244a5590000]
CodeHeap 'profiled nmethods': size=120000Kb used=8948Kb max_used=8948Kb free=111051Kb
 bounds [0x0000024496590000, 0x0000024496e50000, 0x000002449dac0000]
CodeHeap 'non-nmethods': size=5760Kb used=1616Kb max_used=1646Kb free=4144Kb
 bounds [0x000002449dac0000, 0x000002449dd30000, 0x000002449e060000]
 total_blobs=4973 nmethods=4301 adapters=584
 compilation: enabled
              stopped_count=0, restarted_count=0
 full_count=0

Compilation events (20 events):
Event: 28.730 Thread 0x00000244ac82b2b0 4295       3       sun.security.provider.ByteArrayAccess::b2iBig64 (231 bytes)
Event: 28.736 Thread 0x00000244ac82b2b0 nmethod 4295 0x0000024496e3fb10 code [0x0000024496e405e0, 0x0000024496e46c38]
Event: 28.736 Thread 0x00000244ac82b2b0 4297       3       java.io.DataOutputStream::writeUTF (411 bytes)
Event: 28.738 Thread 0x00000244ac82b2b0 nmethod 4297 0x0000024496e48990 code [0x0000024496e48d20, 0x0000024496e4ac68]
Event: 28.738 Thread 0x00000244ac82b2b0 4298       1       jdk.internal.reflect.ClassFileAssembler::getStack (5 bytes)
Event: 28.738 Thread 0x00000244ac82b2b0 nmethod 4298 0x000002449e2c5410 code [0x000002449e2c55a0, 0x000002449e2c5678]
Event: 28.738 Thread 0x00000244ac82b2b0 4296       1       java.lang.reflect.Field::getType (5 bytes)
Event: 28.739 Thread 0x00000244ac82b2b0 nmethod 4296 0x000002449e2c5710 code [0x000002449e2c58a0, 0x000002449e2c5978]
Event: 28.748 Thread 0x00000244ac82b2b0 4299       3       java.lang.Long::bitCount (61 bytes)
Event: 28.748 Thread 0x00000244ac82b2b0 nmethod 4299 0x0000024496e4b810 code [0x0000024496e4b9a0, 0x0000024496e4bb18]
Event: 28.749 Thread 0x00000244ac82a800 4300       4       java.lang.Long::bitCount (61 bytes)
Event: 28.749 Thread 0x00000244ac82a800 nmethod 4300 0x000002449e2c5a10 code [0x000002449e2c5b80, 0x000002449e2c5c58]
Event: 28.829 Thread 0x00000244ac82b2b0 4301       3       sun.reflect.generics.visitor.Reifier::reifyTypeArguments (38 bytes)
Event: 28.829 Thread 0x00000244ac82b2b0 nmethod 4301 0x0000024496e4bb90 code [0x0000024496e4bd60, 0x0000024496e4c248]
Event: 28.837 Thread 0x00000244ac82b2b0 4302       1       com.google.common.base.Suppliers$SupplierOfInstance::get (5 bytes)
Event: 28.837 Thread 0x00000244ac82b2b0 nmethod 4302 0x000002449e2c5d10 code [0x000002449e2c5ea0, 0x000002449e2c5f78]
Event: 28.847 Thread 0x00000244ac82b2b0 4303       3       jdk.internal.jimage.ImageStringsReader::hashCode (8 bytes)
Event: 28.847 Thread 0x00000244ac82b2b0 nmethod 4303 0x0000024496e4c410 code [0x0000024496e4c5c0, 0x0000024496e4c778]
Event: 28.847 Thread 0x00000244ac82b2b0 4304       3       jdk.internal.jimage.BasicImageReader::getLocationIndex (52 bytes)
Event: 28.848 Thread 0x00000244ac82b2b0 nmethod 4304 0x0000024496e4c890 code [0x0000024496e4ca80, 0x0000024496e4cf18]

GC Heap History (20 events):
Event: 3.697 GC heap after
{Heap after GC invocations=3 (full 0):
 garbage-first heap   total 129024K, used 18479K [0x0000000080000000, 0x0000000100000000)
  region size 1024K, 10 young (10240K), 10 survivors (10240K)
 Metaspace       used 14455K, committed 14592K, reserved 1114112K
  class space    used 1590K, committed 1664K, reserved 1048576K
}
Event: 6.366 GC heap before
{Heap before GC invocations=3 (full 0):
 garbage-first heap   total 129024K, used 45103K [0x0000000080000000, 0x0000000100000000)
  region size 1024K, 37 young (37888K), 10 survivors (10240K)
 Metaspace       used 21276K, committed 21504K, reserved 1114112K
  class space    used 2531K, committed 2688K, reserved 1048576K
}
Event: 6.393 GC heap after
{Heap after GC invocations=4 (full 0):
 garbage-first heap   total 129024K, used 20494K [0x0000000080000000, 0x0000000100000000)
  region size 1024K, 3 young (3072K), 3 survivors (3072K)
 Metaspace       used 21276K, committed 21504K, reserved 1114112K
  class space    used 2531K, committed 2688K, reserved 1048576K
}
Event: 14.909 GC heap before
{Heap before GC invocations=5 (full 0):
 garbage-first heap   total 71680K, used 58382K [0x0000000080000000, 0x0000000100000000)
  region size 1024K, 41 young (41984K), 3 survivors (3072K)
 Metaspace       used 27025K, committed 27264K, reserved 1114112K
  class space    used 3486K, committed 3584K, reserved 1048576K
}
Event: 14.915 GC heap after
{Heap after GC invocations=6 (full 0):
 garbage-first heap   total 71680K, used 21965K [0x0000000080000000, 0x0000000100000000)
  region size 1024K, 4 young (4096K), 4 survivors (4096K)
 Metaspace       used 27025K, committed 27264K, reserved 1114112K
  class space    used 3486K, committed 3584K, reserved 1048576K
}
Event: 14.940 GC heap before
{Heap before GC invocations=6 (full 0):
 garbage-first heap   total 71680K, used 22989K [0x0000000080000000, 0x0000000100000000)
  region size 1024K, 5 young (5120K), 4 survivors (4096K)
 Metaspace       used 27157K, committed 27456K, reserved 1114112K
  class space    used 3516K, committed 3648K, reserved 1048576K
}
Event: 14.946 GC heap after
{Heap after GC invocations=7 (full 0):
 garbage-first heap   total 71680K, used 22356K [0x0000000080000000, 0x0000000100000000)
  region size 1024K, 1 young (1024K), 1 survivors (1024K)
 Metaspace       used 27157K, committed 27456K, reserved 1114112K
  class space    used 3516K, committed 3648K, reserved 1048576K
}
Event: 16.851 GC heap before
{Heap before GC invocations=7 (full 0):
 garbage-first heap   total 71680K, used 51028K [0x0000000080000000, 0x0000000100000000)
  region size 1024K, 29 young (29696K), 1 survivors (1024K)
 Metaspace       used 30620K, committed 30912K, reserved 1114112K
  class space    used 4070K, committed 4224K, reserved 1048576K
}
Event: 16.856 GC heap after
{Heap after GC invocations=8 (full 0):
 garbage-first heap   total 71680K, used 23610K [0x0000000080000000, 0x0000000100000000)
  region size 1024K, 2 young (2048K), 2 survivors (2048K)
 Metaspace       used 30620K, committed 30912K, reserved 1114112K
  class space    used 4070K, committed 4224K, reserved 1048576K
}
Event: 18.541 GC heap before
{Heap before GC invocations=8 (full 0):
 garbage-first heap   total 71680K, used 52282K [0x0000000080000000, 0x0000000100000000)
  region size 1024K, 31 young (31744K), 2 survivors (2048K)
 Metaspace       used 34384K, committed 34752K, reserved 1114112K
  class space    used 4688K, committed 4864K, reserved 1048576K
}
Event: 18.545 GC heap after
{Heap after GC invocations=9 (full 0):
 garbage-first heap   total 71680K, used 24900K [0x0000000080000000, 0x0000000100000000)
  region size 1024K, 4 young (4096K), 4 survivors (4096K)
 Metaspace       used 34384K, committed 34752K, reserved 1114112K
  class space    used 4688K, committed 4864K, reserved 1048576K
}
Event: 19.122 GC heap before
{Heap before GC invocations=9 (full 0):
 garbage-first heap   total 71680K, used 35140K [0x0000000080000000, 0x0000000100000000)
  region size 1024K, 15 young (15360K), 4 survivors (4096K)
 Metaspace       used 35639K, committed 35968K, reserved 1114112K
  class space    used 4889K, committed 5056K, reserved 1048576K
}
Event: 19.127 GC heap after
{Heap after GC invocations=10 (full 0):
 garbage-first heap   total 71680K, used 25329K [0x0000000080000000, 0x0000000100000000)
  region size 1024K, 2 young (2048K), 2 survivors (2048K)
 Metaspace       used 35639K, committed 35968K, reserved 1114112K
  class space    used 4889K, committed 5056K, reserved 1048576K
}
Event: 26.642 GC heap before
{Heap before GC invocations=11 (full 0):
 garbage-first heap   total 71680K, used 55025K [0x0000000080000000, 0x0000000100000000)
  region size 1024K, 32 young (32768K), 2 survivors (2048K)
 Metaspace       used 42125K, committed 42560K, reserved 1114112K
  class space    used 5617K, committed 5824K, reserved 1048576K
}
Event: 26.674 GC heap after
{Heap after GC invocations=12 (full 0):
 garbage-first heap   total 71680K, used 27852K [0x0000000080000000, 0x0000000100000000)
  region size 1024K, 4 young (4096K), 4 survivors (4096K)
 Metaspace       used 42125K, committed 42560K, reserved 1114112K
  class space    used 5617K, committed 5824K, reserved 1048576K
}
Event: 27.830 GC heap before
{Heap before GC invocations=12 (full 0):
 garbage-first heap   total 71680K, used 55500K [0x0000000080000000, 0x0000000100000000)
  region size 1024K, 31 young (31744K), 4 survivors (4096K)
 Metaspace       used 43696K, committed 44160K, reserved 1114112K
  class space    used 5829K, committed 6080K, reserved 1048576K
}
Event: 27.842 GC heap after
{Heap after GC invocations=13 (full 0):
 garbage-first heap   total 71680K, used 30798K [0x0000000080000000, 0x0000000100000000)
  region size 1024K, 3 young (3072K), 3 survivors (3072K)
 Metaspace       used 43696K, committed 44160K, reserved 1114112K
  class space    used 5829K, committed 6080K, reserved 1048576K
}
Event: 28.086 GC heap before
{Heap before GC invocations=13 (full 0):
 garbage-first heap   total 71680K, used 56398K [0x0000000080000000, 0x0000000100000000)
  region size 1024K, 28 young (28672K), 3 survivors (3072K)
 Metaspace       used 44358K, committed 44800K, reserved 1114112K
  class space    used 5919K, committed 6144K, reserved 1048576K
}
Event: 28.089 GC heap after
{Heap after GC invocations=14 (full 0):
 garbage-first heap   total 71680K, used 31262K [0x0000000080000000, 0x0000000100000000)
  region size 1024K, 1 young (1024K), 1 survivors (1024K)
 Metaspace       used 44358K, committed 44800K, reserved 1114112K
  class space    used 5919K, committed 6144K, reserved 1048576K
}
Event: 28.864 GC heap before
{Heap before GC invocations=14 (full 0):
 garbage-first heap   total 71680K, used 56862K [0x0000000080000000, 0x0000000100000000)
  region size 1024K, 27 young (27648K), 1 survivors (1024K)
 Metaspace       used 47605K, committed 48000K, reserved 1114112K
  class space    used 6456K, committed 6656K, reserved 1048576K
}

Dll operation events (3 events):
Event: 0.020 Loaded shared library C:\Program Files\Android\Android Studio\jbr\bin\java.dll
Event: 0.340 Loaded shared library C:\Program Files\Android\Android Studio\jbr\bin\zip.dll
Event: 1.528 Loaded shared library C:\Program Files\Android\Android Studio\jbr\bin\verify.dll

Deoptimization events (20 events):
Event: 28.649 Thread 0x00000244b2393ea0 Uncommon trap: trap_request=0xffffffde fr.pc=0x000002449e167d60 relative=0x0000000000000420
Event: 28.649 Thread 0x00000244b2393ea0 Uncommon trap: reason=class_check action=maybe_recompile pc=0x000002449e167d60 method=java.util.Collections$SetFromMap.remove(Ljava/lang/Object;)Z @ 5 c2
Event: 28.649 Thread 0x00000244b2393ea0 DEOPT PACKING pc=0x000002449e167d60 sp=0x000000a6fccfb350
Event: 28.649 Thread 0x00000244b2393ea0 DEOPT UNPACKING pc=0x000002449db1a1a3 sp=0x000000a6fccfb338 mode 2
Event: 28.652 Thread 0x00000244b2393ea0 Uncommon trap: trap_request=0xffffffde fr.pc=0x000002449e167d60 relative=0x0000000000000420
Event: 28.652 Thread 0x00000244b2393ea0 Uncommon trap: reason=class_check action=maybe_recompile pc=0x000002449e167d60 method=java.util.Collections$SetFromMap.remove(Ljava/lang/Object;)Z @ 5 c2
Event: 28.652 Thread 0x00000244b2393ea0 DEOPT PACKING pc=0x000002449e167d60 sp=0x000000a6fccfb850
Event: 28.652 Thread 0x00000244b2393ea0 DEOPT UNPACKING pc=0x000002449db1a1a3 sp=0x000000a6fccfb838 mode 2
Event: 28.675 Thread 0x00000244b2393ea0 Uncommon trap: trap_request=0xffffff45 fr.pc=0x000002449e284008 relative=0x0000000000000088
Event: 28.675 Thread 0x00000244b2393ea0 Uncommon trap: reason=unstable_if action=reinterpret pc=0x000002449e284008 method=java.util.regex.Pattern$LastNode.match(Ljava/util/regex/Matcher;ILjava/lang/CharSequence;)Z @ 13 c2
Event: 28.675 Thread 0x00000244b2393ea0 DEOPT PACKING pc=0x000002449e284008 sp=0x000000a6fccfa8a0
Event: 28.675 Thread 0x00000244b2393ea0 DEOPT UNPACKING pc=0x000002449db1a1a3 sp=0x000000a6fccfa818 mode 2
Event: 28.675 Thread 0x00000244b2393ea0 Uncommon trap: trap_request=0xffffffde fr.pc=0x000002449e27df70 relative=0x0000000000000410
Event: 28.675 Thread 0x00000244b2393ea0 Uncommon trap: reason=class_check action=maybe_recompile pc=0x000002449e27df70 method=java.util.regex.Pattern$Start.match(Ljava/util/regex/Matcher;ILjava/lang/CharSequence;)Z @ 44 c2
Event: 28.675 Thread 0x00000244b2393ea0 DEOPT PACKING pc=0x000002449e27df70 sp=0x000000a6fccfaba0
Event: 28.675 Thread 0x00000244b2393ea0 DEOPT UNPACKING pc=0x000002449db1a1a3 sp=0x000000a6fccfaa68 mode 2
Event: 28.676 Thread 0x00000244b2393ea0 Uncommon trap: trap_request=0xffffff45 fr.pc=0x000002449e165e5c relative=0x000000000000005c
Event: 28.676 Thread 0x00000244b2393ea0 Uncommon trap: reason=unstable_if action=reinterpret pc=0x000002449e165e5c method=java.util.Objects.equals(Ljava/lang/Object;Ljava/lang/Object;)Z @ 6 c2
Event: 28.676 Thread 0x00000244b2393ea0 DEOPT PACKING pc=0x000002449e165e5c sp=0x000000a6fccfa9f0
Event: 28.676 Thread 0x00000244b2393ea0 DEOPT UNPACKING pc=0x000002449db1a1a3 sp=0x000000a6fccfa990 mode 2

Classes unloaded (0 events):
No events

Classes redefined (0 events):
No events

Internal exceptions (20 events):
Event: 27.671 Thread 0x00000244b2393ea0 Exception <a 'java/lang/NoSuchMethodError'{0x000000008304ea08}: 'java.lang.Object java.lang.invoke.Invokers$Holder.invoker(java.lang.Object, java.lang.Object, java.lang.Object, java.lang.Object)'> (0x000000008304ea08) 
thrown [s\src\hotspot\share\interpreter\linkResolver.cpp, line 771]
Event: 27.694 Thread 0x00000244b2393ea0 Exception <a 'java/lang/NoSuchMethodError'{0x00000000830ffb58}: 'java.lang.Object java.lang.invoke.Invokers$Holder.invoker(java.lang.Object, java.lang.Object, java.lang.Object, java.lang.Object, java.lang.Object)'> (0x00000000830ffb58) 
thrown [s\src\hotspot\share\interpreter\linkResolver.cpp, line 771]
Event: 27.704 Thread 0x00000244b2393ea0 Exception <a 'java/lang/NoSuchMethodError'{0x0000000082f1d980}: 'java.lang.Object java.lang.invoke.DirectMethodHandle$Holder.invokeSpecial(java.lang.Object, java.lang.Object, java.lang.Object, java.lang.Object, java.lang.Object, java.lang.Object, java.lang.Object, java.lang.Object, java.lang.Object, java.lang.Object, java.lang.Object, java.lang.Object, java.lang.Object, java.lang.Object, java.lang.Object, java.lang.Object, java.lang.Object, java.lang.Object, java.lang.Object, java.lang.Object, java.lang.Ob
Event: 27.705 Thread 0x00000244b2393ea0 Exception <a 'java/lang/NoSuchMethodError'{0x0000000082f23998}: 'java.lang.Object java.lang.invoke.DelegatingMethodHandle$Holder.reinvoke_L(java.lang.Object, java.lang.Object, java.lang.Object, java.lang.Object, java.lang.Object, java.lang.Object, java.lang.Object, java.lang.Object, java.lang.Object, java.lang.Object, java.lang.Object, java.lang.Object, java.lang.Object, java.lang.Object, java.lang.Object, java.lang.Object, java.lang.Object, java.lang.Object, java.lang.Object, java.lang.Object, java.lang.O
Event: 27.705 Thread 0x00000244b2393ea0 Exception <a 'java/lang/NoSuchMethodError'{0x0000000082f2f138}: 'java.lang.Object java.lang.invoke.Invokers$Holder.invoker(java.lang.Object, java.lang.Object, java.lang.Object, java.lang.Object, java.lang.Object, java.lang.Object, java.lang.Object, java.lang.Object, java.lang.Object, java.lang.Object, java.lang.Object, java.lang.Object, java.lang.Object, java.lang.Object, java.lang.Object, java.lang.Object, java.lang.Object, java.lang.Object, java.lang.Object, java.lang.Object, java.lang.Object, java.lang.
Event: 27.706 Thread 0x00000244b2393ea0 Exception <a 'java/lang/NoSuchMethodError'{0x0000000082f35a10}: 'java.lang.Object java.lang.invoke.DelegatingMethodHandle$Holder.delegate(java.lang.Object, java.lang.Object, java.lang.Object, java.lang.Object, java.lang.Object, java.lang.Object, java.lang.Object, java.lang.Object, java.lang.Object, java.lang.Object, java.lang.Object, java.lang.Object, java.lang.Object, java.lang.Object, java.lang.Object, java.lang.Object, java.lang.Object, java.lang.Object, java.lang.Object, java.lang.Object, java.lang.Obj
Event: 27.727 Thread 0x00000244b2393ea0 Exception <a 'java/lang/NoSuchMethodError'{0x0000000082e02bb8}: 'java.lang.Object java.lang.invoke.DirectMethodHandle$Holder.invokeStatic(java.lang.Object, java.lang.Object, java.lang.Object, java.lang.Object, java.lang.Object, java.lang.Object, java.lang.Object, java.lang.Object, java.lang.Object, java.lang.Object, java.lang.Object, java.lang.Object, java.lang.Object, java.lang.Object, java.lang.Object, java.lang.Object, java.lang.Object, java.lang.Object, java.lang.Object, java.lang.Object, java.lang.Obj
Event: 27.995 Thread 0x00000244b2393ea0 Exception <a 'java/lang/IncompatibleClassChangeError'{0x0000000082fbbc08}: Found class java.lang.Object, but interface was expected> (0x0000000082fbbc08) 
thrown [s\src\hotspot\share\interpreter\linkResolver.cpp, line 838]
Event: 28.021 Thread 0x00000244b2393ea0 Exception <a 'java/lang/NoSuchMethodError'{0x0000000082e821c8}: 'java.lang.Object java.lang.invoke.DirectMethodHandle$Holder.newInvokeSpecial(java.lang.Object, java.lang.Object, long)'> (0x0000000082e821c8) 
thrown [s\src\hotspot\share\interpreter\linkResolver.cpp, line 771]
Event: 28.021 Thread 0x00000244b2393ea0 Exception <a 'java/lang/NoSuchMethodError'{0x0000000082e86a80}: 'java.lang.Object java.lang.invoke.Invokers$Holder.linkToTargetMethod(java.lang.Object, long, java.lang.Object)'> (0x0000000082e86a80) 
thrown [s\src\hotspot\share\interpreter\linkResolver.cpp, line 771]
Event: 28.093 Thread 0x00000244b2393ea0 Exception <a 'java/lang/NoSuchMethodError'{0x000000008623ff88}: 'int java.lang.invoke.DirectMethodHandle$Holder.invokeInterface(java.lang.Object, java.lang.Object)'> (0x000000008623ff88) 
thrown [s\src\hotspot\share\interpreter\linkResolver.cpp, line 771]
Event: 28.225 Thread 0x00000244b2393ea0 Exception <a 'java/lang/NoSuchMethodError'{0x00000000842c9a08}: 'java.lang.Object java.lang.invoke.DirectMethodHandle$Holder.invokeVirtual(java.lang.Object, java.lang.Object, int)'> (0x00000000842c9a08) 
thrown [s\src\hotspot\share\interpreter\linkResolver.cpp, line 771]
Event: 28.261 Thread 0x00000244b2393ea0 Exception <a 'java/lang/IncompatibleClassChangeError'{0x00000000841de148}: Found class java.lang.Object, but interface was expected> (0x00000000841de148) 
thrown [s\src\hotspot\share\interpreter\linkResolver.cpp, line 838]
Event: 28.356 Thread 0x00000244b2393ea0 Implicit null exception at 0x000002449e2345ec to 0x000002449e234690
Event: 28.364 Thread 0x00000244b2393ea0 Exception <a 'java/lang/NoSuchMethodError'{0x0000000083dc63e8}: 'void java.lang.invoke.DirectMethodHandle$Holder.invokeInterface(java.lang.Object, java.lang.Object)'> (0x0000000083dc63e8) 
thrown [s\src\hotspot\share\interpreter\linkResolver.cpp, line 771]
Event: 28.723 Thread 0x00000244b23952e0 Exception <a 'java/lang/NoSuchMethodError'{0x000000008309e508}: static Lorg/gradle/internal/build/event/types/DefaultOperationStartedProgressEvent;.<clinit>()V> (0x000000008309e508) 
thrown [s\src\hotspot\share\prims\jni.cpp, line 1127]
Event: 28.725 Thread 0x00000244b23952e0 Exception <a 'java/lang/NoSuchMethodError'{0x00000000830a0c58}: static Lorg/gradle/internal/build/event/types/AbstractProgressEvent;.<clinit>()V> (0x00000000830a0c58) 
thrown [s\src\hotspot\share\prims\jni.cpp, line 1127]
Event: 28.729 Thread 0x00000244b23952e0 Exception <a 'java/lang/NoSuchMethodError'{0x00000000830b2f88}: static Lorg/gradle/internal/build/event/types/DefaultProjectConfigurationDescriptor;.<clinit>()V> (0x00000000830b2f88) 
thrown [s\src\hotspot\share\prims\jni.cpp, line 1127]
Event: 28.731 Thread 0x00000244b23952e0 Exception <a 'java/lang/NoSuchMethodError'{0x00000000830b5500}: static Lorg/gradle/internal/build/event/types/DefaultOperationDescriptor;.<clinit>()V> (0x00000000830b5500) 
thrown [s\src\hotspot\share\prims\jni.cpp, line 1127]
Event: 28.736 Thread 0x00000244b23952e0 Exception <a 'java/lang/NoSuchMethodError'{0x00000000830cd350}: static Lorg/gradle/internal/operations/OperationIdentifier;.<clinit>()V> (0x00000000830cd350) 
thrown [s\src\hotspot\share\prims\jni.cpp, line 1127]

VM Operations (20 events):
Event: 26.535 Executing VM operation: HandshakeAllThreads done
Event: 26.642 Executing VM operation: G1CollectForAllocation
Event: 26.675 Executing VM operation: G1CollectForAllocation done
Event: 27.219 Executing VM operation: HandshakeAllThreads
Event: 27.219 Executing VM operation: HandshakeAllThreads done
Event: 27.830 Executing VM operation: G1CollectForAllocation
Event: 27.842 Executing VM operation: G1CollectForAllocation done
Event: 28.001 Executing VM operation: HandshakeAllThreads
Event: 28.001 Executing VM operation: HandshakeAllThreads done
Event: 28.060 Executing VM operation: HandshakeAllThreads
Event: 28.060 Executing VM operation: HandshakeAllThreads done
Event: 28.086 Executing VM operation: G1CollectForAllocation
Event: 28.089 Executing VM operation: G1CollectForAllocation done
Event: 28.591 Executing VM operation: HandshakeAllThreads
Event: 28.591 Executing VM operation: HandshakeAllThreads done
Event: 28.651 Executing VM operation: HandshakeAllThreads
Event: 28.651 Executing VM operation: HandshakeAllThreads done
Event: 28.730 Executing VM operation: ICBufferFull
Event: 28.731 Executing VM operation: ICBufferFull done
Event: 28.864 Executing VM operation: G1CollectForAllocation

Events (20 events):
Event: 28.716 loading class java/io/ObjectStreamClass$FieldReflector
Event: 28.717 loading class java/io/ObjectStreamClass$FieldReflector done
Event: 28.719 loading class java/io/ObjectStreamClass$1
Event: 28.722 loading class java/io/ObjectStreamClass$1 done
Event: 28.722 loading class java/io/ObjectStreamClass$MemberSignature
Event: 28.723 loading class java/io/ObjectStreamClass$MemberSignature done
Event: 28.723 loading class java/io/ObjectStreamClass$3
Event: 28.723 loading class java/io/ObjectStreamClass$3 done
Event: 28.724 loading class java/io/ObjectStreamClass$4
Event: 28.724 loading class java/io/ObjectStreamClass$4 done
Event: 28.724 loading class java/io/ObjectStreamClass$5
Event: 28.724 loading class java/io/ObjectStreamClass$5 done
Event: 28.726 loading class java/io/ObjectStreamClass$ClassDataSlot
Event: 28.726 loading class java/io/ObjectStreamClass$ClassDataSlot done
Event: 28.732 loading class jdk/internal/reflect/UnsafeQualifiedStaticLongFieldAccessorImpl
Event: 28.732 loading class jdk/internal/reflect/UnsafeQualifiedStaticLongFieldAccessorImpl done
Event: 28.737 loading class java/io/SerialCallbackContext
Event: 28.738 loading class java/io/SerialCallbackContext done
Event: 28.843 loading class java/util/DualPivotQuicksort
Event: 28.844 loading class java/util/DualPivotQuicksort done


Dynamic libraries:
0x00007ff744460000 - 0x00007ff74446a000 	C:\Program Files\Android\Android Studio\jbr\bin\java.exe
0x00007ffc6a4d0000 - 0x00007ffc6a6e7000 	C:\WINDOWS\SYSTEM32\ntdll.dll
0x00007ffc68c30000 - 0x00007ffc68cf4000 	C:\WINDOWS\System32\KERNEL32.DLL
0x00007ffc67a70000 - 0x00007ffc67e29000 	C:\WINDOWS\System32\KERNELBASE.dll
0x00007ffc67e30000 - 0x00007ffc67f41000 	C:\WINDOWS\System32\ucrtbase.dll
0x00007ffc1b930000 - 0x00007ffc1b947000 	C:\Program Files\Android\Android Studio\jbr\bin\jli.dll
0x00007ffc69aa0000 - 0x00007ffc69c4e000 	C:\WINDOWS\System32\USER32.dll
0x00007ffc67870000 - 0x00007ffc67896000 	C:\WINDOWS\System32\win32u.dll
0x00007ffc69c50000 - 0x00007ffc69c79000 	C:\WINDOWS\System32\GDI32.dll
0x00007ffc67920000 - 0x00007ffc67a3b000 	C:\WINDOWS\System32\gdi32full.dll
0x00007ffc677d0000 - 0x00007ffc6786a000 	C:\WINDOWS\System32\msvcp_win.dll
0x00007ffc422c0000 - 0x00007ffc422db000 	C:\Program Files\Android\Android Studio\jbr\bin\VCRUNTIME140.dll
0x00007ffc49ba0000 - 0x00007ffc49e32000 	C:\WINDOWS\WinSxS\amd64_microsoft.windows.common-controls_6595b64144ccf1df_6.0.22621.4391_none_2715d37f73803e96\COMCTL32.dll
0x00007ffc693b0000 - 0x00007ffc69457000 	C:\WINDOWS\System32\msvcrt.dll
0x00007ffc695a0000 - 0x00007ffc695d1000 	C:\WINDOWS\System32\IMM32.DLL
0x00007ffc60af0000 - 0x00007ffc60afc000 	C:\Program Files\Android\Android Studio\jbr\bin\vcruntime140_1.dll
0x00007ffc09580000 - 0x00007ffc0960d000 	C:\Program Files\Android\Android Studio\jbr\bin\msvcp140.dll
0x00007ffbdd0e0000 - 0x00007ffbddd63000 	C:\Program Files\Android\Android Studio\jbr\bin\server\jvm.dll
0x00007ffc69c80000 - 0x00007ffc69d32000 	C:\WINDOWS\System32\ADVAPI32.dll
0x00007ffc69e90000 - 0x00007ffc69f37000 	C:\WINDOWS\System32\sechost.dll
0x00007ffc67a40000 - 0x00007ffc67a68000 	C:\WINDOWS\System32\bcrypt.dll
0x00007ffc69470000 - 0x00007ffc69584000 	C:\WINDOWS\System32\RPCRT4.dll
0x00007ffc676a0000 - 0x00007ffc676ed000 	C:\WINDOWS\SYSTEM32\POWRPROF.dll
0x00007ffc616c0000 - 0x00007ffc616c9000 	C:\WINDOWS\SYSTEM32\WSOCK32.dll
0x00007ffc69df0000 - 0x00007ffc69e61000 	C:\WINDOWS\System32\WS2_32.dll
0x00007ffc60740000 - 0x00007ffc60774000 	C:\WINDOWS\SYSTEM32\WINMM.dll
0x00007ffc60220000 - 0x00007ffc6022a000 	C:\WINDOWS\SYSTEM32\VERSION.dll
0x00007ffc67680000 - 0x00007ffc67693000 	C:\WINDOWS\SYSTEM32\UMPDC.dll
0x00007ffc667d0000 - 0x00007ffc667e8000 	C:\WINDOWS\SYSTEM32\kernel.appcore.dll
0x00007ffc61390000 - 0x00007ffc6139a000 	C:\Program Files\Android\Android Studio\jbr\bin\jimage.dll
0x00007ffc64db0000 - 0x00007ffc64fe2000 	C:\WINDOWS\SYSTEM32\DBGHELP.DLL
0x00007ffc6a0f0000 - 0x00007ffc6a47f000 	C:\WINDOWS\System32\combase.dll
0x00007ffc691f0000 - 0x00007ffc692c7000 	C:\WINDOWS\System32\OLEAUT32.dll
0x00007ffc5f220000 - 0x00007ffc5f252000 	C:\WINDOWS\SYSTEM32\dbgcore.DLL
0x00007ffc678a0000 - 0x00007ffc6791b000 	C:\WINDOWS\System32\bcryptPrimitives.dll
0x00007ffc53a80000 - 0x00007ffc53a8e000 	C:\Program Files\Android\Android Studio\jbr\bin\instrument.dll
0x00007ffc2acf0000 - 0x00007ffc2ad15000 	C:\Program Files\Android\Android Studio\jbr\bin\java.dll
0x00007ffc610e0000 - 0x00007ffc610f8000 	C:\Program Files\Android\Android Studio\jbr\bin\zip.dll
0x00007ffc681f0000 - 0x00007ffc68a66000 	C:\WINDOWS\System32\SHELL32.dll
0x00007ffc656c0000 - 0x00007ffc65fc3000 	C:\WINDOWS\SYSTEM32\windows.storage.dll
0x00007ffc65580000 - 0x00007ffc656bf000 	C:\WINDOWS\SYSTEM32\wintypes.dll
0x00007ffc695e0000 - 0x00007ffc696d9000 	C:\WINDOWS\System32\SHCORE.dll
0x00007ffc696f0000 - 0x00007ffc6974e000 	C:\WINDOWS\System32\shlwapi.dll
0x00007ffc67700000 - 0x00007ffc6772b000 	C:\WINDOWS\SYSTEM32\profapi.dll
0x00007ffc1b970000 - 0x00007ffc1b989000 	C:\Program Files\Android\Android Studio\jbr\bin\net.dll
0x00007ffc61420000 - 0x00007ffc61556000 	C:\WINDOWS\SYSTEM32\WINHTTP.dll
0x00007ffc66c50000 - 0x00007ffc66cb9000 	C:\WINDOWS\system32\mswsock.dll
0x00007ffc1b950000 - 0x00007ffc1b966000 	C:\Program Files\Android\Android Studio\jbr\bin\nio.dll
0x00007ffc53e00000 - 0x00007ffc53e10000 	C:\Program Files\Android\Android Studio\jbr\bin\verify.dll
0x00007ffc16260000 - 0x00007ffc16287000 	C:\Users\Human\.gradle\native\c067742578af261105cb4f569cf0c3c89f3d7b1fecec35dd04571415982c5e48\windows-amd64\native-platform.dll
0x00007ffbf2ce0000 - 0x00007ffbf2e24000 	C:\Users\Human\.gradle\native\100fb08df4bc3b14c8652ba06237920a3bd2aa13389f12d3474272988ae205f9\windows-amd64\native-platform-file-events.dll
0x00007ffc54690000 - 0x00007ffc54699000 	C:\Program Files\Android\Android Studio\jbr\bin\management.dll
0x00007ffc541a0000 - 0x00007ffc541ab000 	C:\Program Files\Android\Android Studio\jbr\bin\management_ext.dll
0x00007ffc6a480000 - 0x00007ffc6a488000 	C:\WINDOWS\System32\PSAPI.DLL
0x00007ffc66e90000 - 0x00007ffc66eab000 	C:\WINDOWS\SYSTEM32\CRYPTSP.dll
0x00007ffc66730000 - 0x00007ffc66765000 	C:\WINDOWS\system32\rsaenh.dll
0x00007ffc66d10000 - 0x00007ffc66d38000 	C:\WINDOWS\SYSTEM32\USERENV.dll
0x00007ffc66e80000 - 0x00007ffc66e8c000 	C:\WINDOWS\SYSTEM32\CRYPTBASE.dll
0x00007ffc66230000 - 0x00007ffc6625d000 	C:\WINDOWS\SYSTEM32\IPHLPAPI.DLL
0x00007ffc69590000 - 0x00007ffc69599000 	C:\WINDOWS\System32\NSI.dll
0x00007ffc616a0000 - 0x00007ffc616b9000 	C:\WINDOWS\SYSTEM32\dhcpcsvc6.DLL
0x00007ffc615f0000 - 0x00007ffc6160f000 	C:\WINDOWS\SYSTEM32\dhcpcsvc.DLL
0x00007ffc662a0000 - 0x00007ffc663a2000 	C:\WINDOWS\SYSTEM32\DNSAPI.dll
0x00007ffc61380000 - 0x00007ffc61389000 	C:\Program Files\Android\Android Studio\jbr\bin\extnet.dll
0x00007ffc04950000 - 0x00007ffc04958000 	C:\WINDOWS\system32\wshunix.dll

dbghelp: loaded successfully - version: 4.0.5 - missing functions: none
symbol engine: initialized successfully - sym options: 0x614 - pdb path: .;C:\Program Files\Android\Android Studio\jbr\bin;C:\WINDOWS\SYSTEM32;C:\WINDOWS\WinSxS\amd64_microsoft.windows.common-controls_6595b64144ccf1df_6.0.22621.4391_none_2715d37f73803e96;C:\Program Files\Android\Android Studio\jbr\bin\server;C:\Users\Human\.gradle\native\c067742578af261105cb4f569cf0c3c89f3d7b1fecec35dd04571415982c5e48\windows-amd64;C:\Users\Human\.gradle\native\100fb08df4bc3b14c8652ba06237920a3bd2aa13389f12d3474272988ae205f9\windows-amd64

VM Arguments:
jvm_args: --add-opens=java.base/java.util=ALL-UNNAMED --add-opens=java.base/java.lang=ALL-UNNAMED --add-opens=java.base/java.lang.invoke=ALL-UNNAMED --add-opens=java.prefs/java.util.prefs=ALL-UNNAMED --add-exports=jdk.compiler/com.sun.tools.javac.api=ALL-UNNAMED --add-exports=jdk.compiler/com.sun.tools.javac.util=ALL-UNNAMED --add-opens=java.base/java.nio.charset=ALL-UNNAMED --add-opens=java.base/java.net=ALL-UNNAMED --add-opens=java.base/java.util.concurrent.atomic=ALL-UNNAMED -Xmx2048m -Dfile.encoding=UTF-8 -Duser.country=MX -Duser.language=es -Duser.variant -javaagent:C:\Users\Human\.gradle\wrapper\dists\gradle-8.10.2-bin\a04bxjujx95o3nb99gddekhwo\gradle-8.10.2\lib\agents\gradle-instrumentation-agent-8.10.2.jar 
java_command: org.gradle.launcher.daemon.bootstrap.GradleDaemon 8.10.2
java_class_path (initial): C:\Users\Human\.gradle\wrapper\dists\gradle-8.10.2-bin\a04bxjujx95o3nb99gddekhwo\gradle-8.10.2\lib\gradle-daemon-main-8.10.2.jar
Launcher Type: SUN_STANDARD

[Global flags]
     intx CICompilerCount                          = 3                                         {product} {ergonomic}
     uint ConcGCThreads                            = 1                                         {product} {ergonomic}
     uint G1ConcRefinementThreads                  = 4                                         {product} {ergonomic}
   size_t G1HeapRegionSize                         = 1048576                                   {product} {ergonomic}
    uintx GCDrainStackTargetSize                   = 64                                        {product} {ergonomic}
   size_t InitialHeapSize                          = 132120576                                 {product} {ergonomic}
   size_t MarkStackSize                            = 4194304                                   {product} {ergonomic}
   size_t MaxHeapSize                              = 2147483648                                {product} {command line}
   size_t MaxNewSize                               = 1287651328                                {product} {ergonomic}
   size_t MinHeapDeltaBytes                        = 1048576                                   {product} {ergonomic}
   size_t MinHeapSize                              = 8388608                                   {product} {ergonomic}
    uintx NonNMethodCodeHeapSize                   = 5832780                                {pd product} {ergonomic}
    uintx NonProfiledCodeHeapSize                  = 122912730                              {pd product} {ergonomic}
    uintx ProfiledCodeHeapSize                     = 122912730                              {pd product} {ergonomic}
    uintx ReservedCodeCacheSize                    = 251658240                              {pd product} {ergonomic}
     bool SegmentedCodeCache                       = true                                      {product} {ergonomic}
   size_t SoftMaxHeapSize                          = 2147483648                             {manageable} {ergonomic}
     bool UseCompressedClassPointers               = true                           {product lp64_product} {ergonomic}
     bool UseCompressedOops                        = true                           {product lp64_product} {ergonomic}
     bool UseG1GC                                  = true                                      {product} {ergonomic}
     bool UseLargePagesIndividualAllocation        = false                                  {pd product} {ergonomic}

Logging:
Log output configuration:
 #0: stdout all=warning uptime,level,tags
 #1: stderr all=off uptime,level,tags

Environment Variables:
CLASSPATH=C:\Users\Human\OneDrive\Escritorio
PATH=C:\Program Files\Common Files\Oracle\Java\javapath;C:\WINDOWS\system32;C:\WINDOWS;C:\WINDOWS\System32\Wbem;C:\WINDOWS\System32\WindowsPowerShell\v1.0\;C:\WINDOWS\System32\OpenSSH\;C:\Program Files\Java\jdk-11.0.13\bin;C:\Program Files\dotnet\;C:\Program Files\Microsoft SQL Server\Client SDK\ODBC\170\Tools\Binn\;C:\Program Files (x86)\Microsoft SQL Server\150\Tools\Binn\;C:\Program Files\Microsoft SQL Server\150\Tools\Binn\;C:\Program Files\Microsoft SQL Server\150\DTS\Binn\;C:\Program Files\MariaDB 10.11\bin;C:\Users\Human\AppData\Local\Programs\Python\Launcher\;C:\Users\Human\AppData\Local\Microsoft\WindowsApps;;C:\Program Files\JetBrains\IntelliJ IDEA Community Edition 2022.2\bin;;C:\Program Files\Azure Data Studio\bin;C:\Users\Human\AppData\Local\Programs\Microsoft VS Code\bin;C:\Program Files\JetBrains\IntelliJ IDEA 2022.2.3\bin;;C:\Users\Human\.dotnet\tools
USERNAME=SoyAli
OS=Windows_NT
PROCESSOR_IDENTIFIER=Intel64 Family 6 Model 126 Stepping 5, GenuineIntel
TMP=C:\Users\Human\AppData\Local\Temp
TEMP=C:\Users\Human\AppData\Local\Temp



Periodic native trim disabled

JNI global refs:
JNI global refs: 24, weak refs: 0

JNI global refs memory usage: 843, weak refs: 841

Process memory usage:
Resident Set Size: 128504K (1% of 8149076K total physical memory with 78780K free physical memory)

OOME stack traces (most recent first):
Classloader memory used:
Loader org.gradle.internal.classloader.VisitableURLClassLoader                         : 2913K
Loader bootstrap                                                                       : 2368K
Loader org.gradle.initialization.MixInLegacyTypesClassLoader                           : 563K
Loader jdk.internal.loader.ClassLoaders$PlatformClassLoader                            : 69226B
Loader jdk.internal.loader.ClassLoaders$AppClassLoader                                 : 29271B
Loader jdk.internal.reflect.DelegatingClassLoader                                      : 7965B
Loader org.gradle.internal.classloader.VisitableURLClassLoader                         : 599B

Classes loaded by more than one classloader:
Class org.gradle.internal.installation.GradleInstallation                             : loaded 2 times (x 73B)
Class org.gradle.internal.classpath.ClassPath                                         : loaded 2 times (x 68B)
Class org.gradle.api.internal.classpath.DefaultModuleRegistry                         : loaded 2 times (x 84B)
Class org.gradle.api.Action                                                           : loaded 2 times (x 68B)
Class org.gradle.api.internal.DefaultClassPathProvider                                : loaded 2 times (x 74B)
Class org.gradle.internal.installation.GradleInstallation$1                           : loaded 2 times (x 73B)
Class org.gradle.internal.classloader.FilteringClassLoader                            : loaded 2 times (x 103B)
Class org.gradle.internal.classpath.DefaultClassPath$ImmutableUniqueList$Builder      : loaded 2 times (x 73B)
Class org.gradle.internal.classloader.ClassLoaderVisitor                              : loaded 2 times (x 74B)
Class org.gradle.internal.service.DefaultServiceLocator                               : loaded 2 times (x 81B)
Class org.gradle.internal.service.UnknownServiceException                             : loaded 2 times (x 81B)
Class org.gradle.internal.classloader.DefaultClassLoaderFactory                       : loaded 2 times (x 80B)
Class org.gradle.internal.classloader.VisitableURLClassLoader$Spec                    : loaded 2 times (x 72B)
Class org.gradle.api.GradleException                                                  : loaded 2 times (x 80B)
Class org.gradle.api.internal.classpath.ModuleRegistry                                : loaded 2 times (x 68B)
Class org.gradle.api.internal.ClassPathProvider                                       : loaded 2 times (x 68B)
Class org.gradle.internal.classloader.ClasspathUtil$1                                 : loaded 2 times (x 74B)
Class org.gradle.internal.classloader.ClassLoaderFactory                              : loaded 2 times (x 68B)
Class org.gradle.api.internal.classpath.ManifestUtil                                  : loaded 2 times (x 69B)
Class org.gradle.api.specs.Spec                                                       : loaded 2 times (x 68B)
Class org.gradle.internal.IoActions                                                   : loaded 2 times (x 69B)
Class org.gradle.api.internal.classpath.EffectiveClassPath                            : loaded 2 times (x 88B)
Class org.gradle.internal.installation.CurrentGradleInstallation                      : loaded 2 times (x 71B)
Class org.gradle.internal.installation.CurrentGradleInstallationLocator               : loaded 2 times (x 69B)
Class org.gradle.api.internal.classpath.Module                                        : loaded 2 times (x 68B)
Class org.gradle.internal.service.CachingServiceLocator                               : loaded 2 times (x 80B)
Class org.gradle.internal.classpath.DefaultClassPath                                  : loaded 2 times (x 88B)
Class org.gradle.internal.classloader.SystemClassLoaderSpec                           : loaded 2 times (x 69B)
Class org.gradle.api.UncheckedIOException                                             : loaded 2 times (x 80B)
Class org.gradle.api.internal.classpath.GlobalCacheRootsProvider                      : loaded 2 times (x 68B)
Class org.gradle.internal.classloader.ClasspathUtil                                   : loaded 2 times (x 69B)
Class org.gradle.api.internal.DefaultClassPathRegistry                                : loaded 2 times (x 74B)
Class org.gradle.api.internal.classpath.DefaultModuleRegistry$DefaultModule           : loaded 2 times (x 84B)
Class org.gradle.api.internal.classpath.UnknownModuleException                        : loaded 2 times (x 80B)
Class org.gradle.internal.service.ServiceLookupException                              : loaded 2 times (x 80B)
Class [Lorg.gradle.api.internal.ClassPathProvider;                                    : loaded 2 times (x 67B)
Class org.gradle.util.internal.GUtil                                                  : loaded 2 times (x 69B)
Class org.gradle.internal.classloader.ClassLoaderSpec                                 : loaded 2 times (x 69B)
Class org.gradle.internal.classloader.InstrumentingClassLoader                        : loaded 2 times (x 68B)
Class org.gradle.internal.classloader.VisitableURLClassLoader                         : loaded 2 times (x 115B)
Class org.gradle.internal.Cast                                                        : loaded 2 times (x 69B)
Class org.gradle.api.internal.ClassPathRegistry                                       : loaded 2 times (x 68B)
Class org.gradle.internal.classloader.VisitableURLClassLoader$InstrumentingVisitableURLClassLoader: loaded 2 times (x 121B)
Class org.gradle.internal.classloader.ClassLoaderHierarchy                            : loaded 2 times (x 68B)
Class org.gradle.internal.InternalTransformer                                         : loaded 2 times (x 68B)
Class org.gradle.internal.service.ServiceLocator                                      : loaded 2 times (x 68B)
Class org.gradle.internal.classpath.DefaultClassPath$ImmutableUniqueList              : loaded 2 times (x 159B)
Class org.gradle.internal.classpath.TransformedClassPath                              : loaded 2 times (x 94B)


---------------  S Y S T E M  ---------------

OS:
 Windows 11 , 64 bit Build 22621 (10.0.22621.4391)
OS uptime: 9 days 13:18 hours
Hyper-V role detected

CPU: total 4 (initial active 4) (4 cores per cpu, 2 threads per core) family 6 model 126 stepping 5 microcode 0xc6, cx8, cmov, fxsr, ht, mmx, 3dnowpref, sse, sse2, sse3, ssse3, sse4.1, sse4.2, popcnt, lzcnt, tsc, tscinvbit, avx, avx2, aes, erms, clmul, bmi1, bmi2, adx, avx512f, avx512dq, avx512cd, avx512bw, avx512vl, sha, fma, vzeroupper, avx512_vpopcntdq, avx512_vpclmulqdq, avx512_vaes, avx512_vnni, clflush, clflushopt, avx512_vbmi2, avx512_vbmi, hv
Processor Information for all 4 processors :
  Max Mhz: 1190, Current Mhz: 1190, Mhz Limit: 1190

Memory: 4k page, system-wide physical 7958M (74M free)
TotalPageFile size 21748M (AvailPageFile size 10M)
current process WorkingSet (physical memory assigned to process): 126M, peak: 183M
current process commit charge ("private bytes"): 234M, peak: 249M

vm_info: OpenJDK 64-Bit Server VM (17.0.11+0--11852314) for windows-amd64 JRE (17.0.11+0--11852314), built on May 16 2024 21:29:20 by "androidbuild" with MS VC++ 16.10 / 16.11 (VS2019)

END.
